<?xml version="1.0" encoding="UTF-8"?>
<testsuite name="assignment1.parametrizedTesting" tests="3" skipped="0" failures="0" errors="0" timestamp="2023-02-12T07:27:07" hostname="DESKTOP-PNHM5KB" time="0.043">
  <properties/>
  <testcase name="[1] lemon, 5" classname="assignment1.parametrizedTesting" time="0.037"/>
  <testcase name="[2] matrix, 6" classname="assignment1.parametrizedTesting" time="0.001"/>
  <testcase name="[3] run, 3" classname="assignment1.parametrizedTesting" time="0.001"/>
  <system-out><![CDATA[]]></system-out>
  <system-err><![CDATA[]]></system-err>
</testsuite>
