<?xml version="1.0" encoding="UTF-8"?>
<testsuite name="AddMyAlphasTests" tests="1" skipped="0" failures="0" errors="0" timestamp="2024-07-24T20:38:51" hostname="DESKTOP-SQ2LA37" time="0.023">
  <properties/>
  <testcase name="addNoNumbers()" classname="AddMyAlphasTests" time="0.023"/>
  <system-out><![CDATA[]]></system-out>
  <system-err><![CDATA[]]></system-err>
</testsuite>
