<?xml version="1.0" encoding="UTF-8"?>
<testsuite name="lab03.SpecificationTest" tests="2" skipped="0" failures="0" errors="0" timestamp="2023-02-06T08:13:40" hostname="DESKTOP-PNHM5KB" time="0.087">
  <properties/>
  <testcase name="[1] CANADAA, false" classname="lab03.SpecificationTest" time="0.075"/>
  <testcase name="[2] VALID, true" classname="lab03.SpecificationTest" time="0.006"/>
  <system-out><![CDATA[C
A
N
A
D
A
V
A
L
I
]]></system-out>
  <system-err><![CDATA[]]></system-err>
</testsuite>
