<?xml version="1.0" encoding="UTF-8"?>
<testsuite name="lab05.UVicTest" tests="1" skipped="0" failures="0" errors="0" timestamp="2023-02-20T04:14:49" hostname="DESKTOP-PNHM5KB" time="4.892">
  <properties/>
  <testcase name="confirmPhoneNumber()" classname="lab05.UVicTest" time="4.892"/>
  <system-out><![CDATA[]]></system-out>
  <system-err><![CDATA[Starting ChromeDriver 109.0.5414.74 (e7c5703604daa9cc128ccf5a5d3e993513758913-refs/branch-heads/5414@{#1172}) on port 6466
Only local connections are allowed.
Please see https://chromedriver.chromium.org/security-considerations for suggestions on keeping ChromeDriver safe.
ChromeDriver was started successfully.
Feb 19, 2023 8:14:51 PM org.openqa.selenium.remote.ProtocolHandshake createSession
INFO: Detected dialect: W3C
]]></system-err>
</testsuite>
